#
# A fatal error has been detected by the Java Runtime Environment:
#
#  EXCEPTION_ACCESS_VIOLATION (0xc0000005) at pc=0x00007ffe008b8c13, pid=10672, tid=26876
#
# JRE version:  (11.0.20+8) (build )
# Java VM: OpenJDK 64-Bit Server VM (11.0.20+8-LTS, mixed mode, sharing, tiered, compressed oops, g1 gc, windows-amd64)
# Problematic frame:
# V  [jvm.dll+0x1d8c13]
#
# No core dump will be written. Minidumps are not enabled by default on client versions of Windows
#
#

---------------  S U M M A R Y ------------

Command Line: -Dapplication.home=C:\Program Files\Microsoft\jdk-11.0.20.8-hotspot --add-modules=ALL-DEFAULT -Xms8m -Djdk.module.main=jdk.compiler jdk.compiler/com.sun.tools.javac.Main -version

Host: AMD Ryzen 9 5950X 16-Core Processor            , 32 cores, 31G,  Windows 10 , 64 bit Build 19041 (10.0.19041.3393)
Time: Fri Oct 20 11:40:20 2023 SE Asia Standard Time elapsed time: 0.028111 seconds (0d 0h 0m 0s)

---------------  T H R E A D  ---------------

Current thread (0x000001ce0762d800):  JavaThread "Unknown thread" [_thread_in_vm, id=26876, stack(0x0000005f19000000,0x0000005f19100000)]

Stack: [0x0000005f19000000,0x0000005f19100000],  sp=0x0000005f190fec50,  free space=1019k
Native frames: (J=compiled Java code, j=interpreted, Vv=VM code, C=native code)
V  [jvm.dll+0x1d8c13]
V  [jvm.dll+0x1d6d63]
V  [jvm.dll+0x36585b]
V  [jvm.dll+0x779130]
V  [jvm.dll+0x3d4c1f]
V  [jvm.dll+0x3d6fb1]
C  [jli.dll+0x5227]
C  [ucrtbase.dll+0x21bb2]
C  [KERNEL32.DLL+0x17344]
C  [ntdll.dll+0x526b1]


siginfo: EXCEPTION_ACCESS_VIOLATION (0xc0000005), reading address 0x0000000000000000


Registers:
RAX=0x0000d5b308b81e96, RBX=0x0000000000000000, RCX=0x0000000000000000, RDX=0x0000000000000000
RSP=0x0000005f190fec50, RBP=0x0000000000000000, RSI=0x000001ce0762d800, RDI=0x0000000000000000
R8 =0x0000000000000000, R9 =0x0000000000000000, R10=0x0000000000000000, R11=0x0000005f190fea00
R12=0x0000000000000000, R13=0x00007ffe00cb85c0, R14=0x000001ce05321418, R15=0x0000005f190ff998
RIP=0x00007ffe008b8c13, EFLAGS=0x0000000000010256

Top of Stack: (sp=0x0000005f190fec50)
0x0000005f190fec50:   000001ce05329f40 00007ffe009b3258
0x0000005f190fec60:   0000005f190ff998 0000000000000400
0x0000005f190fec70:   0000000000000000 000001ce0762d800
0x0000005f190fec80:   00007c6449cfd140 00007ffe00cb85c0
0x0000005f190fec90:   0000005f190fed70 0000005f190ff998
0x0000005f190feca0:   000001ce05321418 00007ffe00cb85c0
0x0000005f190fecb0:   0000000000000000 00007ffe331c0000
0x0000005f190fecc0:   00007ffe00f8a3d8 0000000000000000
0x0000005f190fecd0:   00007ffe008b6c0a 00007ffe7912189c
0x0000005f190fece0:   0000005f190fed70 0000000000000001
0x0000005f190fecf0:   0000d5b308b81e96 000001ce05321418
0x0000005f190fed00:   00007ffe00000000 00007ffe00cb85c0
0x0000005f190fed10:   000001ce0762d800 0000005f190fee30
0x0000005f190fed20:   0000000000000000 00007ffe008b6d63
0x0000005f190fed30:   00007ffe2a160000 00007ffe331cd0e0
0x0000005f190fed40:   0000005f190fee30 000001ce0762d800 

Instructions: (pc=0x00007ffe008b8c13)
0x00007ffe008b8b13:   f0 ff 15 86 9d 61 00 48 8b cb 41 b1 01 48 2b 8c
0x00007ffe008b8b23:   24 90 00 00 00 45 33 c0 33 d2 c6 04 31 00 48 8b
0x00007ffe008b8b33:   ce e8 b7 0b 00 00 42 80 3c 33 3b 4a 8d 3c 33 75
0x00007ffe008b8b43:   1c 0f 1f 40 00 0f 1f 84 00 00 00 00 00 48 ff c3
0x00007ffe008b8b53:   ff c5 42 80 3c 33 3b 4a 8d 3c 33 74 f0 49 83 3c
0x00007ffe008b8b63:   24 00 74 18 48 8b 94 24 98 00 00 00 49 8b cf e8
0x00007ffe008b8b73:   19 a3 ee ff 49 8b cc e8 81 a2 ee ff 48 8b 44 24
0x00007ffe008b8b83:   20 48 8d 4c 24 30 49 89 47 18 48 8b 44 24 28 49
0x00007ffe008b8b93:   89 47 20 4d 89 67 10 e8 f1 b0 0f 00 44 8b ed 48
0x00007ffe008b8ba3:   89 9c 24 90 00 00 00 48 3b 5c 24 38 0f 8c cd fe
0x00007ffe008b8bb3:   ff ff 4c 8b 7c 24 40 4c 8b 64 24 48 48 8b 7c 24
0x00007ffe008b8bc3:   50 48 8b 74 24 58 48 8b 9c 24 80 00 00 00 48 83
0x00007ffe008b8bd3:   c4 60 41 5e 41 5d 5d c3 cc cc cc cc cc 40 53 55
0x00007ffe008b8be3:   56 41 55 48 81 ec b8 00 00 00 48 8b 05 14 25 8b
0x00007ffe008b8bf3:   00 48 33 c4 48 89 84 24 a0 00 00 00 48 8b e9 48
0x00007ffe008b8c03:   c7 c3 ff ff ff ff 0f 1f 80 00 00 00 00 48 ff c3
0x00007ffe008b8c13:   80 3c 0b 00 75 f7 33 f6 c6 44 24 30 01 40 38 35
0x00007ffe008b8c23:   15 58 8e 00 74 17 40 38 35 81 bd 8d 00 75 0e 33
0x00007ffe008b8c33:   d2 48 8d 0d c5 15 6d 00 e8 90 93 1a 00 45 33 ed
0x00007ffe008b8c43:   85 db 0f 8e 11 02 00 00 48 89 bc 24 e8 00 00 00
0x00007ffe008b8c53:   48 8b fd 4c 89 a4 24 f0 00 00 00 48 63 c3 33 db
0x00007ffe008b8c63:   4c 89 b4 24 f8 00 00 00 4c 89 bc 24 b0 00 00 00
0x00007ffe008b8c73:   48 89 44 24 68 48 89 74 24 40 0f 1f 00 0f b6 07
0x00007ffe008b8c83:   84 c0 74 12 3c 3b 74 0e 0f b6 44 2b 01 48 ff c3
0x00007ffe008b8c93:   ff c6 84 c0 75 ee 48 8d 54 24 38 48 c7 44 24 38
0x00007ffe008b8ca3:   00 00 00 00 48 8d 4c 24 60 e8 5f af 0f 00 48 8b
0x00007ffe008b8cb3:   44 24 38 33 d2 4c 8b b0 78 02 00 00 49 8b 46 18
0x00007ffe008b8cc3:   4d 8b 66 10 48 89 44 24 50 49 8b 46 20 48 89 44
0x00007ffe008b8cd3:   24 58 49 8b 46 28 48 89 44 24 48 8b c6 41 2b c5
0x00007ffe008b8ce3:   48 63 f8 48 8d 4f 01 e8 71 40 4b 00 49 63 d5 4c
0x00007ffe008b8cf3:   8b c7 48 03 d5 48 8b c8 4c 8b f8 ff 15 9c 9b 61
0x00007ffe008b8d03:   00 48 8b cb 48 2b 4c 24 40 80 7c 24 30 00 42 c6 



---------------  P R O C E S S  ---------------

Threads class SMR info:
_java_thread_list=0x000001ce05321640, length=0, elements={
}

Java Threads: ( => current thread )

Other Threads:

=>0x000001ce0762d800 (exited) JavaThread "Unknown thread" [_thread_in_vm, id=26876, stack(0x0000005f19000000,0x0000005f19100000)]

Threads with active compile tasks:

VM state:not at safepoint (not fully initialized)

VM Mutex/Monitor currently owned by a thread: None


[error occurred during error reporting (printing compressed oops mode), id 0xc0000005, EXCEPTION_ACCESS_VIOLATION (0xc0000005) at pc=0x00007ffe00e770c7]

Deoptimization events (0 events):
No events

Classes redefined (0 events):
No events

Internal exceptions (0 events):
No events

Events (1 events):
Event: 0.018 Loaded shared library C:\Program Files\Microsoft\jdk-11.0.20.8-hotspot\bin\zip.dll


Dynamic libraries:
0x00007ff774bc0000 - 0x00007ff774bc7000 	C:\Program Files\Microsoft\jdk-11.0.20.8-hotspot\bin\javac.exe
0x00007ffe7b930000 - 0x00007ffe7bb28000 	C:\Windows\SYSTEM32\ntdll.dll
0x00007ffe7b050000 - 0x00007ffe7b10d000 	C:\Windows\System32\KERNEL32.DLL
0x00007ffe790c0000 - 0x00007ffe793b6000 	C:\Windows\System32\KERNELBASE.dll
0x00007ffe79710000 - 0x00007ffe79810000 	C:\Windows\System32\ucrtbase.dll
0x00007ffe72ea0000 - 0x00007ffe72eb5000 	C:\Program Files\Microsoft\jdk-11.0.20.8-hotspot\bin\VCRUNTIME140.dll
0x00007ffe478e0000 - 0x00007ffe478f7000 	C:\Program Files\Microsoft\jdk-11.0.20.8-hotspot\bin\jli.dll
0x00007ffe7b110000 - 0x00007ffe7b2ae000 	C:\Windows\System32\USER32.dll
0x00007ffe6bb90000 - 0x00007ffe6be2a000 	C:\Windows\WinSxS\amd64_microsoft.windows.common-controls_6595b64144ccf1df_6.0.19041.1110_none_60b5254171f9507e\COMCTL32.dll
0x00007ffe796b0000 - 0x00007ffe796d2000 	C:\Windows\System32\win32u.dll
0x00007ffe79c00000 - 0x00007ffe79c2c000 	C:\Windows\System32\GDI32.dll
0x00007ffe79c30000 - 0x00007ffe79cce000 	C:\Windows\System32\msvcrt.dll
0x00007ffe79590000 - 0x00007ffe796aa000 	C:\Windows\System32\gdi32full.dll
0x00007ffe79810000 - 0x00007ffe798ad000 	C:\Windows\System32\msvcp_win.dll
0x00007ffe79ea0000 - 0x00007ffe79ed0000 	C:\Windows\System32\IMM32.DLL
0x00007ffe1d6a0000 - 0x00007ffe1d73b000 	C:\Program Files\Microsoft\jdk-11.0.20.8-hotspot\bin\msvcp140.dll
0x00007ffe006e0000 - 0x00007ffe01276000 	C:\Program Files\Microsoft\jdk-11.0.20.8-hotspot\bin\server\jvm.dll
0x00007ffe79df0000 - 0x00007ffe79e9e000 	C:\Windows\System32\ADVAPI32.dll
0x00007ffe7aa90000 - 0x00007ffe7ab2c000 	C:\Windows\System32\sechost.dll
0x00007ffe7b390000 - 0x00007ffe7b4b6000 	C:\Windows\System32\RPCRT4.dll
0x00007ffe7a6b0000 - 0x00007ffe7a6b8000 	C:\Windows\System32\PSAPI.DLL
0x00007ffe6eb70000 - 0x00007ffe6eb79000 	C:\Windows\SYSTEM32\WSOCK32.dll
0x00007ffe6d990000 - 0x00007ffe6d9b7000 	C:\Windows\SYSTEM32\WINMM.dll
0x00007ffe72910000 - 0x00007ffe7291a000 	C:\Windows\SYSTEM32\VERSION.dll
0x00007ffe7a620000 - 0x00007ffe7a68b000 	C:\Windows\System32\WS2_32.dll
0x00007ffe76e80000 - 0x00007ffe76e92000 	C:\Windows\SYSTEM32\kernel.appcore.dll
0x00007ffe59fa0000 - 0x00007ffe59fb0000 	C:\Program Files\Microsoft\jdk-11.0.20.8-hotspot\bin\verify.dll
0x00007ffe72110000 - 0x00007ffe722f4000 	C:\Windows\SYSTEM32\DBGHELP.DLL
0x00007ffe71f50000 - 0x00007ffe71f84000 	C:\Windows\SYSTEM32\dbgcore.DLL
0x00007ffe798b0000 - 0x00007ffe79932000 	C:\Windows\System32\bcryptPrimitives.dll
0x00007ffe331c0000 - 0x00007ffe331e8000 	C:\Program Files\Microsoft\jdk-11.0.20.8-hotspot\bin\java.dll
0x00007ffe4e150000 - 0x00007ffe4e15a000 	C:\Program Files\Microsoft\jdk-11.0.20.8-hotspot\bin\jimage.dll
0x00007ffe2a160000 - 0x00007ffe2a178000 	C:\Program Files\Microsoft\jdk-11.0.20.8-hotspot\bin\zip.dll

dbghelp: loaded successfully - version: 4.0.5 - missing functions: none
symbol engine: initialized successfully - sym options: 0x614 - pdb path: .;C:\Program Files\Microsoft\jdk-11.0.20.8-hotspot\bin;C:\Windows\SYSTEM32;C:\Windows\WinSxS\amd64_microsoft.windows.common-controls_6595b64144ccf1df_6.0.19041.1110_none_60b5254171f9507e;C:\Program Files\Microsoft\jdk-11.0.20.8-hotspot\bin\server

VM Arguments:
jvm_args: -Dapplication.home=C:\Program Files\Microsoft\jdk-11.0.20.8-hotspot --add-modules=ALL-DEFAULT -Xms8m -Djdk.module.main=jdk.compiler 
java_command: jdk.compiler/com.sun.tools.javac.Main -version
java_class_path (initial): <not set>
Launcher Type: SUN_STANDARD

[Global flags]
     uint G1ConcRefinementThreads                  = 23                                        {product} {ergonomic}
    uintx GCDrainStackTargetSize                   = 64                                        {product} {ergonomic}
   size_t InitialHeapSize                          = 8388608                                   {product} {command line}
   size_t MaxHeapSize                              = 8566981632                                {product} {ergonomic}
    uintx ReservedCodeCacheSize                    = 251658240                              {pd product} {ergonomic}
     bool SegmentedCodeCache                       = true                                      {product} {ergonomic}
     bool UseCompressedClassPointers               = true                                 {lp64_product} {ergonomic}
     bool UseCompressedOops                        = true                                 {lp64_product} {ergonomic}
     bool UseG1GC                                  = true                                      {product} {ergonomic}
     bool UseLargePagesIndividualAllocation        = false                                  {pd product} {ergonomic}

Logging:
Log output configuration:
 #0: stdout all=warning uptime,level,tags
 #1: stderr all=off uptime,level,tags

Environment Variables:
JAVA_HOME=C:\Users\Art\AppData\Local\jdk-11.0.2
PATH=C:\Users\Art\Desktop\Rn_sansuern\node_modules\.bin;C:\Users\Art\Desktop\Rn_sansuern\node_modules\.bin;C:\Users\Art\Desktop\node_modules\.bin;C:\Users\Art\node_modules\.bin;C:\Users\node_modules\.bin;C:\node_modules\.bin;C:\Program Files\nodejs\node_modules\npm\node_modules\@npmcli\run-script\lib\node-gyp-bin;C:\Program Files\Microsoft\jdk-11.0.20.8-hotspot\bin;C:\Program Files\Common Files\Oracle\Java\javapath;C:\Program Files (x86)\Common Files\Oracle\Java\javapath;C:\Windows\system32;C:\Windows;C:\Windows\System32\Wbem;C:\Windows\System32\WindowsPowerShell\v1.0\;C:\Windows\System32\OpenSSH\;C:\Program Files\Git\cmd;C:\src\flutter\bin;C:\xampp\php;C:\ProgramData\ComposerSetup\bin;C:\Users\Art\AppData\Local\Pub\Cache\bin;;C:\Program Files\Docker\Docker\resources\bin;C:\ProgramData\chocolatey\bin;C:\Program Files\nodejs\;C:\Users\Art\AppData\Local\jdk-11.0.2\bin;C:\Users\Art\AppData\Local\Microsoft\WindowsApps;C:\Users\Art\AppData\Local\Programs\Microsoft VS Code\bin;C:\src\flutter\bin;C:\Users\Art\AppData\Local\Android\Sdk\tools;C:\Users\Art\AppData\Local\Android\Sdk\tools\bin;C:\Users\Art\AppData\Local\Android\Sdk\platform-tools;C:\xampp\php;C:\Users\Art\AppData\Roaming\Composer\vendor\bin;C:\ProgramData\ComposerSetup\bin;C:\Users\Art\AppData\Local\Pub\Cache\bin;C:\Program Files\Java\jdk-20\bin;C:\Users\Art\AppData\Local\Android\Sdk\platform-tools;C:\Users\Art\AppData\Roaming\npm;
USERNAME=Art
LANG=en_US.UTF-8
OS=Windows_NT
PROCESSOR_IDENTIFIER=AMD64 Family 25 Model 33 Stepping 0, AuthenticAMD
TMP=C:\Users\Art\AppData\Local\Temp
TEMP=C:\Users\Art\AppData\Local\Temp



---------------  S Y S T E M  ---------------

OS: Windows 10 , 64 bit Build 19041 (10.0.19041.3393)
OS uptime: 1 days 20:14 hours

CPU:total 32 (initial active 32) 

Memory: 4k page, system-wide physical 32680M (14973M free)
TotalPageFile size 39108M (AvailPageFile size 14206M)
current process WorkingSet (physical memory assigned to process): 8M, peak: 8M
current process commit charge ("private bytes"): 3M, peak: 3M

vm_info: OpenJDK 64-Bit Server VM (11.0.20+8-LTS) for windows-amd64 JRE (11.0.20+8-LTS), built on Jul  7 2023 17:05:21 by "MicrosoftCorporation" with MS VC++ 15.9 (VS2017)

END.
